c:\code\monopoly\monopoly\x64\debug\vc143.pdb
c:\code\monopoly\monopoly\x64\debug\vc143.idb
c:\code\monopoly\monopoly\x64\debug\storetile.obj
c:\code\monopoly\monopoly\x64\debug\propertytile.obj
c:\code\monopoly\monopoly\x64\debug\player.obj
c:\code\monopoly\monopoly\x64\debug\bank.obj
c:\code\monopoly\monopoly\x64\debug\main.obj
c:\code\monopoly\monopoly\x64\debug\hospitaltile.obj
c:\code\monopoly\monopoly\x64\debug\gameconfig.obj
c:\code\monopoly\monopoly\x64\debug\game.obj
c:\code\monopoly\monopoly\x64\debug\eventtile.obj
c:\code\monopoly\monopoly\x64\debug\board.obj
c:\code\monopoly\monopoly\x64\debug\monopoly.ilk
c:\code\monopoly\x64\debug\monopoly.pdb
c:\code\monopoly\x64\debug\monopoly.exe
c:\code\monopoly\monopoly\x64\debug\monopoly.tlog\cl.command.1.tlog
c:\code\monopoly\monopoly\x64\debug\monopoly.tlog\cl.items.tlog
c:\code\monopoly\monopoly\x64\debug\monopoly.tlog\cl.read.1.tlog
c:\code\monopoly\monopoly\x64\debug\monopoly.tlog\cl.write.1.tlog
c:\code\monopoly\monopoly\x64\debug\monopoly.tlog\link.command.1.tlog
c:\code\monopoly\monopoly\x64\debug\monopoly.tlog\link.read.1.tlog
c:\code\monopoly\monopoly\x64\debug\monopoly.tlog\link.secondary.1.tlog
c:\code\monopoly\monopoly\x64\debug\monopoly.tlog\link.write.1.tlog
